<?xml version="1.0" encoding="UTF-8"?>
<testsuite name="com.jojoldu.book.springboot.domain.posts.PostsRepositoryTest" tests="2" skipped="0" failures="0" errors="0" timestamp="2022-07-03T21:25:40" hostname="LAPTOP-01FE4EQ6" time="0.213">
  <properties/>
  <testcase name="게시글저장_불러오기" classname="com.jojoldu.book.springboot.domain.posts.PostsRepositoryTest" time="0.201"/>
  <testcase name="BaseTimeEntity_등록" classname="com.jojoldu.book.springboot.domain.posts.PostsRepositoryTest" time="0.011"/>
  <system-out><![CDATA[2022-07-04 06:25:36.588  INFO 20268 --- [    Test worker] .b.t.c.SpringBootTestContextBootstrapper : Neither @ContextConfiguration nor @ContextHierarchy found for test class [com.jojoldu.book.springboot.domain.posts.PostsRepositoryTest], using SpringBootContextLoader
2022-07-04 06:25:36.588  INFO 20268 --- [    Test worker] o.s.t.c.support.AbstractContextLoader    : Could not detect default resource locations for test class [com.jojoldu.book.springboot.domain.posts.PostsRepositoryTest]: no resource found for suffixes {-context.xml, Context.groovy}.
2022-07-04 06:25:36.588  INFO 20268 --- [    Test worker] t.c.s.AnnotationConfigContextLoaderUtils : Could not detect default configuration classes for test class [com.jojoldu.book.springboot.domain.posts.PostsRepositoryTest]: PostsRepositoryTest does not declare any static, non-private, non-final, nested classes annotated with @Configuration.
2022-07-04 06:25:36.606  INFO 20268 --- [    Test worker] .b.t.c.SpringBootTestContextBootstrapper : Found @SpringBootConfiguration com.jojoldu.book.springboot.Application for test class com.jojoldu.book.springboot.domain.posts.PostsRepositoryTest
2022-07-04 06:25:36.606  INFO 20268 --- [    Test worker] .b.t.c.SpringBootTestContextBootstrapper : Loaded default TestExecutionListener class names from location [META-INF/spring.factories]: [org.springframework.security.test.context.support.WithSecurityContextTestExecutionListener, org.springframework.security.test.context.support.ReactorContextTestExecutionListener, org.springframework.test.context.web.ServletTestExecutionListener, org.springframework.test.context.support.DirtiesContextBeforeModesTestExecutionListener, org.springframework.test.context.support.DependencyInjectionTestExecutionListener, org.springframework.test.context.support.DirtiesContextTestExecutionListener, org.springframework.test.context.transaction.TransactionalTestExecutionListener, org.springframework.test.context.jdbc.SqlScriptsTestExecutionListener, org.springframework.boot.test.autoconfigure.restdocs.RestDocsTestExecutionListener, org.springframework.boot.test.autoconfigure.web.client.MockRestServiceServerResetTestExecutionListener, org.springframework.boot.test.autoconfigure.web.servlet.MockMvcPrintOnlyOnFailureTestExecutionListener, org.springframework.boot.test.autoconfigure.web.servlet.WebDriverTestExecutionListener, org.springframework.boot.test.mock.mockito.MockitoTestExecutionListener, org.springframework.boot.test.mock.mockito.ResetMocksTestExecutionListener]
2022-07-04 06:25:36.606  INFO 20268 --- [    Test worker] .b.t.c.SpringBootTestContextBootstrapper : Using TestExecutionListeners: [org.springframework.test.context.web.ServletTestExecutionListener@7ab4ae59, org.springframework.test.context.support.DirtiesContextBeforeModesTestExecutionListener@77681ce4, org.springframework.boot.test.mock.mockito.MockitoTestExecutionListener@5d96bdf8, org.springframework.boot.test.autoconfigure.SpringBootDependencyInjectionTestExecutionListener@6f76c2cc, org.springframework.test.context.support.DirtiesContextTestExecutionListener@306f6f1d, org.springframework.test.context.transaction.TransactionalTestExecutionListener@7d7cac8, org.springframework.test.context.jdbc.SqlScriptsTestExecutionListener@6fc6deb7, org.springframework.security.test.context.support.WithSecurityContextTestExecutionListener@367f0121, org.springframework.security.test.context.support.ReactorContextTestExecutionListener@7da39774, org.springframework.boot.test.autoconfigure.restdocs.RestDocsTestExecutionListener@441b8382, org.springframework.boot.test.autoconfigure.web.client.MockRestServiceServerResetTestExecutionListener@1df1ced0, org.springframework.boot.test.autoconfigure.web.servlet.MockMvcPrintOnlyOnFailureTestExecutionListener@5349b246, org.springframework.boot.test.autoconfigure.web.servlet.WebDriverTestExecutionListener@32b0876c, org.springframework.boot.test.mock.mockito.ResetMocksTestExecutionListener@2aaf152b]

  .   ____          _            __ _ _
 /\\ / ___'_ __ _ _(_)_ __  __ _ \ \ \ \
( ( )\___ | '_ | '_| | '_ \/ _` | \ \ \ \
 \\/  ___)| |_)| | | | | || (_| |  ) ) ) )
  '  |____| .__|_| |_|_| |_\__, | / / / /
 =========|_|==============|___/=/_/_/_/
 :: Spring Boot ::        (v2.1.7.RELEASE)

2022-07-04 06:25:36.653  INFO 20268 --- [    Test worker] c.j.b.s.d.posts.PostsRepositoryTest      : Starting PostsRepositoryTest on LAPTOP-01FE4EQ6 with PID 20268 (started by hansu in C:\Users\hansu\spring boot_ex\hello-spring (1)\freeled-springboot2-webservice)
2022-07-04 06:25:36.656  INFO 20268 --- [    Test worker] c.j.b.s.d.posts.PostsRepositoryTest      : No active profile set, falling back to default profiles: default
2022-07-04 06:25:37.059  INFO 20268 --- [    Test worker] .s.d.r.c.RepositoryConfigurationDelegate : Bootstrapping Spring Data repositories in DEFAULT mode.
2022-07-04 06:25:37.125  INFO 20268 --- [    Test worker] .s.d.r.c.RepositoryConfigurationDelegate : Finished Spring Data repository scanning in 66ms. Found 2 repository interfaces.
2022-07-04 06:25:37.372  INFO 20268 --- [    Test worker] trationDelegate$BeanPostProcessorChecker : Bean 'org.springframework.transaction.annotation.ProxyTransactionManagementConfiguration' of type [org.springframework.transaction.annotation.ProxyTransactionManagementConfiguration$$EnhancerBySpringCGLIB$$c259d63a] is not eligible for getting processed by all BeanPostProcessors (for example: not eligible for auto-proxying)
2022-07-04 06:25:37.549  INFO 20268 --- [    Test worker] com.zaxxer.hikari.HikariDataSource       : HikariPool-1 - Starting...
2022-07-04 06:25:37.746  INFO 20268 --- [    Test worker] com.zaxxer.hikari.HikariDataSource       : HikariPool-1 - Start completed.
2022-07-04 06:25:37.828  INFO 20268 --- [    Test worker] o.hibernate.jpa.internal.util.LogHelper  : HHH000204: Processing PersistenceUnitInfo [
	name: default
	...]
2022-07-04 06:25:37.933  INFO 20268 --- [    Test worker] org.hibernate.Version                    : HHH000412: Hibernate Core {5.3.10.Final}
2022-07-04 06:25:37.933  INFO 20268 --- [    Test worker] org.hibernate.cfg.Environment            : HHH000206: hibernate.properties not found
2022-07-04 06:25:38.018  INFO 20268 --- [    Test worker] o.hibernate.annotations.common.Version   : HCANN000001: Hibernate Commons Annotations {5.0.4.Final}
2022-07-04 06:25:38.227  INFO 20268 --- [    Test worker] org.hibernate.dialect.Dialect            : HHH000400: Using dialect: org.hibernate.dialect.MySQL5InnoDBDialect
Hibernate: drop table if exists posts
Hibernate: drop table if exists user
Hibernate: create table posts (id bigint not null auto_increment, created_date datetime, modified_date datetime, author varchar(255), content TEXT not null, title varchar(500) not null, primary key (id)) engine=InnoDB
Hibernate: create table user (id bigint not null auto_increment, created_date datetime, modified_date datetime, email varchar(255) not null, name varchar(255) not null, picture varchar(255), role varchar(255) not null, primary key (id)) engine=InnoDB
2022-07-04 06:25:39.114  INFO 20268 --- [    Test worker] o.h.t.schema.internal.SchemaCreatorImpl  : HHH000476: Executing import script 'org.hibernate.tool.schema.internal.exec.ScriptSourceInputNonExistentImpl@492c8137'
2022-07-04 06:25:39.114  INFO 20268 --- [    Test worker] j.LocalContainerEntityManagerFactoryBean : Initialized JPA EntityManagerFactory for persistence unit 'default'
2022-07-04 06:25:39.683  INFO 20268 --- [    Test worker] o.h.h.i.QueryTranslatorFactoryInitiator  : HHH000397: Using ASTQueryTranslatorFactory
2022-07-04 06:25:40.035  INFO 20268 --- [    Test worker] o.s.s.web.DefaultSecurityFilterChain     : Creating filter chain: any request, [org.springframework.security.web.context.request.async.WebAsyncManagerIntegrationFilter@29a1ec65, org.springframework.security.web.context.SecurityContextPersistenceFilter@25110bb9, org.springframework.security.web.header.HeaderWriterFilter@48b09105, org.springframework.security.web.authentication.logout.LogoutFilter@568ef502, org.springframework.security.oauth2.client.web.OAuth2AuthorizationRequestRedirectFilter@38fc34fd, org.springframework.security.oauth2.client.web.OAuth2LoginAuthenticationFilter@647af13d, org.springframework.security.web.authentication.ui.DefaultLoginPageGeneratingFilter@7bef7505, org.springframework.security.web.authentication.ui.DefaultLogoutPageGeneratingFilter@625db0e0, org.springframework.security.web.savedrequest.RequestCacheAwareFilter@dbda472, org.springframework.security.web.servletapi.SecurityContextHolderAwareRequestFilter@41492479, org.springframework.security.web.authentication.AnonymousAuthenticationFilter@511d568f, org.springframework.security.web.session.SessionManagementFilter@18b45500, org.springframework.security.web.access.ExceptionTranslationFilter@787a0fd6, org.springframework.security.web.access.intercept.FilterSecurityInterceptor@74e2cfc5]
2022-07-04 06:25:40.424  INFO 20268 --- [    Test worker] o.s.s.concurrent.ThreadPoolTaskExecutor  : Initializing ExecutorService 'applicationTaskExecutor'
2022-07-04 06:25:40.440  WARN 20268 --- [    Test worker] aWebConfiguration$JpaWebMvcConfiguration : spring.jpa.open-in-view is enabled by default. Therefore, database queries may be performed during view rendering. Explicitly configure spring.jpa.open-in-view to disable this warning
2022-07-04 06:25:40.472  INFO 20268 --- [    Test worker] o.s.b.a.w.s.WelcomePageHandlerMapping    : Adding welcome page template: index
2022-07-04 06:25:40.966  INFO 20268 --- [    Test worker] s.a.ScheduledAnnotationBeanPostProcessor : No TaskScheduler/ScheduledExecutorService bean found for scheduled processing
2022-07-04 06:25:40.979  INFO 20268 --- [    Test worker] c.j.b.s.d.posts.PostsRepositoryTest      : Started PostsRepositoryTest in 4.373 seconds (JVM running for 9.374)
Hibernate: insert into posts (created_date, modified_date, author, content, title) values (?, ?, ?, ?, ?)
Hibernate: select posts0_.id as id1_0_, posts0_.created_date as created_2_0_, posts0_.modified_date as modified3_0_, posts0_.author as author4_0_, posts0_.content as content5_0_, posts0_.title as title6_0_ from posts posts0_
Hibernate: select posts0_.id as id1_0_, posts0_.created_date as created_2_0_, posts0_.modified_date as modified3_0_, posts0_.author as author4_0_, posts0_.content as content5_0_, posts0_.title as title6_0_ from posts posts0_
Hibernate: delete from posts where id=?
Hibernate: insert into posts (created_date, modified_date, author, content, title) values (?, ?, ?, ?, ?)
Hibernate: select posts0_.id as id1_0_, posts0_.created_date as created_2_0_, posts0_.modified_date as modified3_0_, posts0_.author as author4_0_, posts0_.content as content5_0_, posts0_.title as title6_0_ from posts posts0_
>>>>>>>>> createDate=2022-07-04T06:25:41.181, modifiedDate=2022-07-04T06:25:41.181
Hibernate: select posts0_.id as id1_0_, posts0_.created_date as created_2_0_, posts0_.modified_date as modified3_0_, posts0_.author as author4_0_, posts0_.content as content5_0_, posts0_.title as title6_0_ from posts posts0_
Hibernate: delete from posts where id=?
]]></system-out>
  <system-err><![CDATA[]]></system-err>
</testsuite>
